<?xml version="1.0" encoding="UTF-8"?>
<!-- Generated by org.testng.reporters.JUnitReportReporter -->
<testsuite hostname="DESKTOP-EFM9JGP" failures="0" tests="3" name="soapServices.EmployeeServicesMultipleTest" time="0.974" errors="0" timestamp="2020-06-26T01:49:59 IST" skipped="0">
  <testcase classname="soapServices.EmployeeServicesMultipleTest" name="SoapTest_TS2" time="0.454"/>
  <system-out/>
  <testcase classname="soapServices.EmployeeServicesMultipleTest" name="SoapTest_TS3" time="0.196"/>
  <system-out/>
  <testcase classname="soapServices.EmployeeServicesMultipleTest" name="SoapTest_TS1" time="0.324"/>
  <system-out/>
</testsuite> <!-- soapServices.EmployeeServicesMultipleTest -->
